<?xml version="1.0" encoding="UTF-8"?>
<!-- Generated by org.testng.reporters.JUnitXMLReporter -->
<testsuite ignored="0" hostname="BINTERNS-QA17L" failures="0" tests="7" name="Surefire test" time="0.039" errors="0" timestamp="2023-03-07T16:12:27 IST">
  <testcase classname="Annotations_Sel.Test1" name="l1" time="0.001"/>
  <testcase classname="Annotations_Sel.Test1" name="search" time="0.0"/>
  <testcase classname="Annotations_Sel.Test1" name="ADSearch" time="0.0"/>
  <testcase classname="Annotations_Sel.Test1" name="lo1" time="0.0"/>
  <testcase classname="GroupingAndDataProvider.TestG" name="LoginByEmail" time="0.001"/>
  <testcase classname="GroupingAndDataProvider.TestG" name="LoginByFB" time="0.0"/>
  <testcase classname="GroupingAndDataProvider.TestG" name="LoginByTwitter" time="0.001"/>
</testsuite> <!-- Surefire test -->
