<?xml version="1.0" encoding="UTF-8"?>
<!-- Generated by org.testng.reporters.JUnitXMLReporter -->
<testsuite ignored="2" hostname="BINTERNS-QA17L" failures="0" tests="1" name="Test_demo" time="0.026" errors="0" timestamp="2023-03-06T15:40:11 IST">
  <testcase classname="GroupingAndDataProvider.TestG" name="LoginByEmail" time="0.005"/>
  <testcase classname="GroupingAndDataProvider.TestG" name="LoginByFB" time="0.0">
    <ignored/>
  </testcase> <!-- LoginByFB -->
  <testcase classname="GroupingAndDataProvider.TestG" name="LoginByTwitter" time="0.0">
    <ignored/>
  </testcase> <!-- LoginByTwitter -->
</testsuite> <!-- Test_demo -->
